<?xml version="1.0" encoding="UTF-8"?>
<testsuite name="Hepsiburada" tests="1" skipped="0" failures="0" errors="0" timestamp="2022-04-15T22:14:28" hostname="TOHAN" time="65.98">
  <properties/>
  <testcase name="Hepsiburada case study" classname="Hepsiburada" time="65.98"/>
  <system-out><![CDATA[
@hepsiburada
Scenario: Hepsiburada case study                                                  ?[90m# src/test/resources/features/hepsiburada.feature:7?[0m
  ?[32m* ?[0m?[32mOpen with Chrome?[0m                                                              ?[90m# theinternet.CustomSteps.setUpChrome()?[0m
  ?[32m* ?[0m?[32mOpen Hepsiburada page?[0m                                                         ?[90m# theinternet.CustomSteps.openPage()?[0m
  ?[32m* ?[0m?[32mLogin with test user?[0m                                                          ?[90m# theinternet.CustomSteps.clickLogin()?[0m
  ?[32m* ?[0m?[32mSearch product?[0m                                                                ?[90m# theinternet.CustomSteps.search()?[0m
  ?[32m* ?[0m?[32mFilter product?[0m                                                                ?[90m# theinternet.CustomSteps.filter()?[0m
166
164
  ?[32m* ?[0m?[32mGo to bottom of the list and select random product which in the last row?[0m      ?[90m# theinternet.CustomSteps.scrollThenSelect()?[0m
HONOR 8C 32 GB (Honor Türkiye Garantili)
dogriii
  ?[32m* ?[0m?[32mSelect lowest rated seller and add product to basket then check shopping cart?[0m ?[90m# theinternet.CustomSteps.showAllMerchants()?[0m
]]></system-out>
  <system-err><![CDATA[Starting ChromeDriver 100.0.4896.60 (6a5d10861ce8de5fce22564658033b43cb7de047-refs/branch-heads/4896@{#875}) on port 1363
Only local connections are allowed.
Please see https://chromedriver.chromium.org/security-considerations for suggestions on keeping ChromeDriver safe.
ChromeDriver was started successfully.
Nis 16, 2022 1:14:30 AM org.openqa.selenium.remote.ProtocolHandshake createSession
INFO: Detected dialect: W3C
]]></system-err>
</testsuite>
